<?xml version="1.0" encoding="UTF-8"?>
<!-- Generated by org.testng.reporters.JUnitReportReporter -->
<testsuite hostname="DESKTOP-DVLNFQ6" failures="0" tests="2" name="QAclickacadamy.RESTApiTest" time="0.027" errors="0" timestamp="2019-10-31T18:46:06 GMT-04:00" skipped="0">
  <testcase classname="QAclickacadamy.RESTApiTest" name="postJIRA" time="0.003"/>
  <testcase classname="QAclickacadamy.RESTApiTest" name="DeleteTwitter" time="0.024"/>
</testsuite> <!-- QAclickacadamy.RESTApiTest -->
