<?xml version="1.0" encoding="UTF-8"?>
<!-- Generated by org.testng.reporters.JUnitReportReporter -->
<testsuite hostname="DESKTOP-DVLNFQ6" failures="0" tests="2" name="QAclickacadamy.RESTApiTest" time="0.001" errors="0" timestamp="2019-11-21T18:40:45 GMT-05:00" skipped="0">
  <testcase classname="QAclickacadamy.RESTApiTest" name="postJIRA" time="0.000"/>
  <testcase classname="QAclickacadamy.RESTApiTest" name="DeleteTwitter" time="0.001"/>
</testsuite> <!-- QAclickacadamy.RESTApiTest -->
